2023-02-23 18:29:49 [main] INFO  c.p.J.JpaCurdOperationApplication - Starting JpaCurdOperationApplication using Java 19.0.2 with PID 14764 (C:\Users\LENOVO\Downloads\JpaCurdOperation\JpaCurdOperation\JpaCurdOperation\target\classes started by LENOVO in C:\Users\LENOVO\Downloads\JpaCurdOperation\JpaCurdOperation\JpaCurdOperation)
2023-02-23 18:29:49 [main] INFO  c.p.J.JpaCurdOperationApplication - No active profile set, falling back to 1 default profile: "default"
2023-02-23 18:29:50 [main] INFO  o.s.d.r.c.RepositoryConfigurationDelegate - Bootstrapping Spring Data JPA repositories in DEFAULT mode.
2023-02-23 18:29:50 [main] INFO  o.s.d.r.c.RepositoryConfigurationDelegate - Finished Spring Data repository scanning in 64 ms. Found 1 JPA repository interfaces.
2023-02-23 18:29:50 [main] INFO  o.s.b.w.e.tomcat.TomcatWebServer - Tomcat initialized with port(s): 8080 (http)
2023-02-23 18:29:50 [main] INFO  o.a.catalina.core.StandardService - Starting service [Tomcat]
2023-02-23 18:29:50 [main] INFO  o.a.catalina.core.StandardEngine - Starting Servlet engine: [Apache Tomcat/10.1.5]
2023-02-23 18:29:50 [main] INFO  o.a.c.c.C.[Tomcat].[localhost].[/] - Initializing Spring embedded WebApplicationContext
2023-02-23 18:29:50 [main] INFO  o.s.b.w.s.c.ServletWebServerApplicationContext - Root WebApplicationContext: initialization completed in 1554 ms
2023-02-23 18:29:51 [main] INFO  o.h.jpa.internal.util.LogHelper - HHH000204: Processing PersistenceUnitInfo [name: default]
2023-02-23 18:29:51 [main] INFO  org.hibernate.Version - HHH000412: Hibernate ORM core version 6.1.6.Final
2023-02-23 18:29:51 [main] WARN  org.hibernate.orm.deprecation - HHH90000021: Encountered deprecated setting [javax.persistence.sharedCache.mode], use [jakarta.persistence.sharedCache.mode] instead
2023-02-23 18:29:51 [main] INFO  com.zaxxer.hikari.HikariDataSource - HikariPool-1 - Starting...
2023-02-23 18:29:51 [main] WARN  c.z.hikari.util.DriverDataSource - Registered driver with driverClassName=com.mysql.jdbc.Driver was not found, trying direct instantiation.
2023-02-23 18:29:51 [main] INFO  com.zaxxer.hikari.pool.HikariPool - HikariPool-1 - Added connection com.mysql.cj.jdbc.ConnectionImpl@60b616c8
2023-02-23 18:29:51 [main] INFO  com.zaxxer.hikari.HikariDataSource - HikariPool-1 - Start completed.
2023-02-23 18:29:51 [main] INFO  SQL dialect - HHH000400: Using dialect: org.hibernate.dialect.MySQL5Dialect
2023-02-23 18:29:51 [main] WARN  org.hibernate.orm.deprecation - HHH90000026: MySQL5Dialect has been deprecated; use org.hibernate.dialect.MySQLDialect instead
2023-02-23 18:29:52 [main] INFO  o.h.e.t.j.p.i.JtaPlatformInitiator - HHH000490: Using JtaPlatform implementation: [org.hibernate.engine.transaction.jta.platform.internal.NoJtaPlatform]
2023-02-23 18:29:52 [main] INFO  o.s.o.j.LocalContainerEntityManagerFactoryBean - Initialized JPA EntityManagerFactory for persistence unit 'default'
2023-02-23 18:29:53 [main] WARN  o.s.b.a.o.j.JpaBaseConfiguration$JpaWebConfiguration - spring.jpa.open-in-view is enabled by default. Therefore, database queries may be performed during view rendering. Explicitly configure spring.jpa.open-in-view to disable this warning
2023-02-23 18:29:53 [main] INFO  o.s.b.w.e.tomcat.TomcatWebServer - Tomcat started on port(s): 8080 (http) with context path ''
2023-02-23 18:29:53 [main] INFO  c.p.J.JpaCurdOperationApplication - Started JpaCurdOperationApplication in 4.885 seconds (process running for 5.4)
2023-02-23 18:31:41 [http-nio-8080-exec-1] INFO  o.a.c.c.C.[Tomcat].[localhost].[/] - Initializing Spring DispatcherServlet 'dispatcherServlet'
2023-02-23 18:31:41 [http-nio-8080-exec-1] INFO  o.s.web.servlet.DispatcherServlet - Initializing Servlet 'dispatcherServlet'
2023-02-23 18:31:41 [http-nio-8080-exec-1] INFO  o.s.web.servlet.DispatcherServlet - Completed initialization in 1 ms
2023-02-23 18:32:45 [SpringApplicationShutdownHook] INFO  o.s.o.j.LocalContainerEntityManagerFactoryBean - Closing JPA EntityManagerFactory for persistence unit 'default'
2023-02-23 18:32:45 [SpringApplicationShutdownHook] INFO  com.zaxxer.hikari.HikariDataSource - HikariPool-1 - Shutdown initiated...
2023-02-23 18:32:45 [SpringApplicationShutdownHook] INFO  com.zaxxer.hikari.HikariDataSource - HikariPool-1 - Shutdown completed.
2023-02-23 18:32:49 [main] INFO  c.p.J.JpaCurdOperationApplication - Starting JpaCurdOperationApplication using Java 19.0.2 with PID 16656 (C:\Users\LENOVO\Downloads\JpaCurdOperation\JpaCurdOperation\JpaCurdOperation\target\classes started by LENOVO in C:\Users\LENOVO\Downloads\JpaCurdOperation\JpaCurdOperation\JpaCurdOperation)
2023-02-23 18:32:49 [main] INFO  c.p.J.JpaCurdOperationApplication - No active profile set, falling back to 1 default profile: "default"
2023-02-23 18:32:50 [main] INFO  o.s.d.r.c.RepositoryConfigurationDelegate - Bootstrapping Spring Data JPA repositories in DEFAULT mode.
2023-02-23 18:32:50 [main] INFO  o.s.d.r.c.RepositoryConfigurationDelegate - Finished Spring Data repository scanning in 58 ms. Found 1 JPA repository interfaces.
2023-02-23 18:32:50 [main] INFO  o.s.b.w.e.tomcat.TomcatWebServer - Tomcat initialized with port(s): 8080 (http)
2023-02-23 18:32:50 [main] INFO  o.a.catalina.core.StandardService - Starting service [Tomcat]
2023-02-23 18:32:50 [main] INFO  o.a.catalina.core.StandardEngine - Starting Servlet engine: [Apache Tomcat/10.1.5]
2023-02-23 18:32:51 [main] INFO  o.a.c.c.C.[Tomcat].[localhost].[/] - Initializing Spring embedded WebApplicationContext
2023-02-23 18:32:51 [main] INFO  o.s.b.w.s.c.ServletWebServerApplicationContext - Root WebApplicationContext: initialization completed in 1431 ms
2023-02-23 18:32:51 [main] INFO  o.h.jpa.internal.util.LogHelper - HHH000204: Processing PersistenceUnitInfo [name: default]
2023-02-23 18:32:51 [main] INFO  org.hibernate.Version - HHH000412: Hibernate ORM core version 6.1.6.Final
2023-02-23 18:32:51 [main] WARN  org.hibernate.orm.deprecation - HHH90000021: Encountered deprecated setting [javax.persistence.sharedCache.mode], use [jakarta.persistence.sharedCache.mode] instead
2023-02-23 18:32:51 [main] INFO  com.zaxxer.hikari.HikariDataSource - HikariPool-1 - Starting...
2023-02-23 18:32:51 [main] WARN  c.z.hikari.util.DriverDataSource - Registered driver with driverClassName=com.mysql.jdbc.Driver was not found, trying direct instantiation.
2023-02-23 18:32:51 [main] INFO  com.zaxxer.hikari.pool.HikariPool - HikariPool-1 - Added connection com.mysql.cj.jdbc.ConnectionImpl@71369e1a
2023-02-23 18:32:51 [main] INFO  com.zaxxer.hikari.HikariDataSource - HikariPool-1 - Start completed.
2023-02-23 18:32:51 [main] INFO  SQL dialect - HHH000400: Using dialect: org.hibernate.dialect.MySQL5Dialect
2023-02-23 18:32:51 [main] WARN  org.hibernate.orm.deprecation - HHH90000026: MySQL5Dialect has been deprecated; use org.hibernate.dialect.MySQLDialect instead
2023-02-23 18:32:52 [main] INFO  o.h.e.t.j.p.i.JtaPlatformInitiator - HHH000490: Using JtaPlatform implementation: [org.hibernate.engine.transaction.jta.platform.internal.NoJtaPlatform]
2023-02-23 18:32:52 [main] INFO  o.s.o.j.LocalContainerEntityManagerFactoryBean - Initialized JPA EntityManagerFactory for persistence unit 'default'
2023-02-23 18:32:53 [main] WARN  o.s.b.a.o.j.JpaBaseConfiguration$JpaWebConfiguration - spring.jpa.open-in-view is enabled by default. Therefore, database queries may be performed during view rendering. Explicitly configure spring.jpa.open-in-view to disable this warning
2023-02-23 18:32:53 [main] INFO  o.s.b.w.e.tomcat.TomcatWebServer - Tomcat started on port(s): 8080 (http) with context path ''
2023-02-23 18:32:53 [main] INFO  c.p.J.JpaCurdOperationApplication - Started JpaCurdOperationApplication in 4.623 seconds (process running for 5.021)
2023-02-23 18:33:11 [SpringApplicationShutdownHook] INFO  o.s.o.j.LocalContainerEntityManagerFactoryBean - Closing JPA EntityManagerFactory for persistence unit 'default'
2023-02-23 18:33:11 [SpringApplicationShutdownHook] INFO  com.zaxxer.hikari.HikariDataSource - HikariPool-1 - Shutdown initiated...
2023-02-23 18:33:11 [SpringApplicationShutdownHook] INFO  com.zaxxer.hikari.HikariDataSource - HikariPool-1 - Shutdown completed.
2023-02-23 18:33:14 [main] INFO  c.p.J.JpaCurdOperationApplication - Starting JpaCurdOperationApplication using Java 19.0.2 with PID 14244 (C:\Users\LENOVO\Downloads\JpaCurdOperation\JpaCurdOperation\JpaCurdOperation\target\classes started by LENOVO in C:\Users\LENOVO\Downloads\JpaCurdOperation\JpaCurdOperation\JpaCurdOperation)
2023-02-23 18:33:14 [main] INFO  c.p.J.JpaCurdOperationApplication - No active profile set, falling back to 1 default profile: "default"
2023-02-23 18:33:14 [main] INFO  o.s.d.r.c.RepositoryConfigurationDelegate - Bootstrapping Spring Data JPA repositories in DEFAULT mode.
2023-02-23 18:33:14 [main] INFO  o.s.d.r.c.RepositoryConfigurationDelegate - Finished Spring Data repository scanning in 60 ms. Found 1 JPA repository interfaces.
2023-02-23 18:33:15 [main] INFO  o.s.b.w.e.tomcat.TomcatWebServer - Tomcat initialized with port(s): 8080 (http)
2023-02-23 18:33:15 [main] INFO  o.a.catalina.core.StandardService - Starting service [Tomcat]
2023-02-23 18:33:15 [main] INFO  o.a.catalina.core.StandardEngine - Starting Servlet engine: [Apache Tomcat/10.1.5]
2023-02-23 18:33:16 [main] INFO  o.a.c.c.C.[Tomcat].[localhost].[/] - Initializing Spring embedded WebApplicationContext
2023-02-23 18:33:16 [main] INFO  o.s.b.w.s.c.ServletWebServerApplicationContext - Root WebApplicationContext: initialization completed in 1857 ms
2023-02-23 18:33:16 [main] INFO  o.h.jpa.internal.util.LogHelper - HHH000204: Processing PersistenceUnitInfo [name: default]
2023-02-23 18:33:16 [main] INFO  org.hibernate.Version - HHH000412: Hibernate ORM core version 6.1.6.Final
2023-02-23 18:33:16 [main] WARN  org.hibernate.orm.deprecation - HHH90000021: Encountered deprecated setting [javax.persistence.sharedCache.mode], use [jakarta.persistence.sharedCache.mode] instead
2023-02-23 18:33:16 [main] INFO  com.zaxxer.hikari.HikariDataSource - HikariPool-1 - Starting...
2023-02-23 18:33:16 [main] WARN  c.z.hikari.util.DriverDataSource - Registered driver with driverClassName=com.mysql.jdbc.Driver was not found, trying direct instantiation.
2023-02-23 18:33:16 [main] INFO  com.zaxxer.hikari.pool.HikariPool - HikariPool-1 - Added connection com.mysql.cj.jdbc.ConnectionImpl@71369e1a
2023-02-23 18:33:16 [main] INFO  com.zaxxer.hikari.HikariDataSource - HikariPool-1 - Start completed.
2023-02-23 18:33:17 [main] INFO  SQL dialect - HHH000400: Using dialect: org.hibernate.dialect.MySQL5Dialect
2023-02-23 18:33:17 [main] WARN  org.hibernate.orm.deprecation - HHH90000026: MySQL5Dialect has been deprecated; use org.hibernate.dialect.MySQLDialect instead
2023-02-23 18:33:17 [main] INFO  o.h.e.t.j.p.i.JtaPlatformInitiator - HHH000490: Using JtaPlatform implementation: [org.hibernate.engine.transaction.jta.platform.internal.NoJtaPlatform]
2023-02-23 18:33:17 [main] INFO  o.s.o.j.LocalContainerEntityManagerFactoryBean - Initialized JPA EntityManagerFactory for persistence unit 'default'
2023-02-23 18:33:18 [main] WARN  o.s.b.a.o.j.JpaBaseConfiguration$JpaWebConfiguration - spring.jpa.open-in-view is enabled by default. Therefore, database queries may be performed during view rendering. Explicitly configure spring.jpa.open-in-view to disable this warning
2023-02-23 18:33:19 [main] INFO  o.s.b.w.e.tomcat.TomcatWebServer - Tomcat started on port(s): 8080 (http) with context path ''
2023-02-23 18:33:19 [main] INFO  c.p.J.JpaCurdOperationApplication - Started JpaCurdOperationApplication in 5.541 seconds (process running for 6.061)
2023-02-23 18:34:04 [SpringApplicationShutdownHook] INFO  o.s.o.j.LocalContainerEntityManagerFactoryBean - Closing JPA EntityManagerFactory for persistence unit 'default'
2023-02-23 18:34:04 [SpringApplicationShutdownHook] INFO  com.zaxxer.hikari.HikariDataSource - HikariPool-1 - Shutdown initiated...
2023-02-23 18:34:04 [SpringApplicationShutdownHook] INFO  com.zaxxer.hikari.HikariDataSource - HikariPool-1 - Shutdown completed.
